<?xml version="1.0" encoding="UTF-8"?>
<testng-results ignored="0" total="1" passed="1" failed="0" skipped="0">
  <reporter-output>
  </reporter-output>
  <suite started-at="2023-03-20T12:45:25 IST" name="Default suite" finished-at="2023-03-20T12:45:25 IST" duration-ms="59">
    <groups>
    </groups>
    <test started-at="2023-03-20T12:45:25 IST" name="Default test" finished-at="2023-03-20T12:45:25 IST" duration-ms="59">
      <class name="practice.ReadDataFromCmdLine">
        <test-method signature="readData()[pri:0, instance:practice.ReadDataFromCmdLine@72057ecf]" started-at="2023-03-20T12:45:25 IST" name="readData" finished-at="2023-03-20T12:45:25 IST" duration-ms="9" status="PASS">
          <reporter-output>
          </reporter-output>
        </test-method> <!-- readData -->
      </class> <!-- practice.ReadDataFromCmdLine -->
    </test> <!-- Default test -->
  </suite> <!-- Default suite -->
</testng-results>
